Estado 53 conflictos: 1 desplazamiento/reducción


Gramática

    0 $accept: input $end

    1 input: lista_instrucciones

    2 lista_instrucciones: lista_instrucciones instruccion
    3                    | instruccion

    4 instruccion: declaration
    5            | asignation
    6            | print

    7 print: PRINT_SENTENCE expr

    8 declaration: DATA_TYPE IDENTIFICADOR S_PUNTO_COMA
    9            | DATA_TYPE IDENTIFICADOR S_IGUAL expr S_PUNTO_COMA
   10            | DATA_TYPE IDENTIFICADOR S_IGUAL IDENTIFICADOR S_PUNTO_COMA
   11            | DATA_TYPE IDENTIFICADOR S_IGUAL PARENTESIS_OPEN DATA_TYPE PARENTESIS_CLOSE IDENTIFICADOR S_PUNTO_COMA

   12 asignation: IDENTIFICADOR op_expr expr S_PUNTO_COMA

   13 op_expr: S_IGUAL
   14        | OP_MAS_IGUAL
   15        | OP_MENOS_IGUAL
   16        | OP_MULTI_IGUAL
   17        | OP_DIV_IGUAL
   18        | OP_MOD_IGUAL
   19        | OP_AND_IGUAL
   20        | OP_OR_IGUAL
   21        | OP_POT_IGUAL
   22        | OP_MAYOR_IGUAL
   23        | OP_MENOR_IGUAL

   24 expr: expr '+' expr
   25     | expr '-' expr
   26     | expr '*' expr
   27     | expr '/' expr
   28     | expr '%' expr
   29     | PARENTESIS_OPEN expr PARENTESIS_CLOSE
   30     | INT_NUMBER
   31     | FLOAT_NUMBER
   32     | STRING_COMILLAS
   33     | BOOL_VALUE
   34     | NULL_VALUE
   35     | IDENTIFICADOR
   36     | expr OP_MENOR_A expr
   37     | expr OP_MAYOR_A expr
   38     | expr OP_MENOR_IGUAL_A expr
   39     | expr OP_MAYOR_IGUAL_A expr
   40     | expr OP_IGUAL_IGUAL expr
   41     | expr OP_DISTINTO_A expr
   42     | expr LOGIC_AND expr
   43     | expr LOGIC_OR expr
   44     | LOGIC_NOT expr


Terminales con las reglas donde aparecen

    $end (0) 0
    '%' (37) 28
    '*' (42) 26
    '+' (43) 24
    '-' (45) 25
    '/' (47) 27
    error (256)
    INT_NUMBER <int_number> (258) 30
    FLOAT_NUMBER <float_number> (259) 31
    IDENTIFICADOR <identificador> (260) 8 9 10 11 12 35
    STRING_COMILLAS <string_comillas> (261) 32
    BOOL_VALUE <bool_true> (262) 33
    NULL_VALUE <null_value> (263) 34
    DATA_TYPE (264) 8 9 10 11
    S_PUNTO_COMA (265) 8 9 10 11 12
    S_IGUAL (266) 9 10 11 13
    PARENTESIS_OPEN (267) 11 29
    PARENTESIS_CLOSE (268) 11 29
    OP_MAS_IGUAL (269) 14
    OP_MENOS_IGUAL (270) 15
    OP_MULTI_IGUAL (271) 16
    OP_DIV_IGUAL (272) 17
    OP_MOD_IGUAL (273) 18
    OP_AND_IGUAL (274) 19
    OP_OR_IGUAL (275) 20
    OP_POT_IGUAL (276) 21
    OP_MAYOR_IGUAL (277) 22
    OP_MENOR_IGUAL (278) 23
    OP_IGUAL_IGUAL (279) 40
    OP_DISTINTO_A (280) 41
    OP_MENOR_IGUAL_A (281) 38
    OP_MAYOR_IGUAL_A (282) 39
    LOGIC_OR (283) 43
    LOGIC_AND (284) 42
    OP_MENOR_A (285) 36
    OP_MAYOR_A (286) 37
    LOGIC_NOT (287) 44
    PRINT_SENTENCE (288) 7


No terminales con las reglas donde aparecen

    $accept (39)
        on left: 0
    input (40)
        on left: 1
        on right: 0
    lista_instrucciones (41)
        on left: 2 3
        on right: 1 2
    instruccion (42)
        on left: 4 5 6
        on right: 2 3
    print (43)
        on left: 7
        on right: 6
    declaration (44)
        on left: 8 9 10 11
        on right: 4
    asignation (45)
        on left: 12
        on right: 5
    op_expr (46)
        on left: 13 14 15 16 17 18 19 20 21 22 23
        on right: 12
    expr (47)
        on left: 24 25 26 27 28 29 30 31 32 33 34 35 36 37 38 39 40 41 42 43 44
        on right: 7 9 12 24 25 26 27 28 29 36 37 38 39 40 41 42 43 44


Estado 0

    0 $accept: • input $end
    1 input: • lista_instrucciones
    2 lista_instrucciones: • lista_instrucciones instruccion
    3                    | • instruccion
    4 instruccion: • declaration
    5            | • asignation
    6            | • print
    7 print: • PRINT_SENTENCE expr
    8 declaration: • DATA_TYPE IDENTIFICADOR S_PUNTO_COMA
    9            | • DATA_TYPE IDENTIFICADOR S_IGUAL expr S_PUNTO_COMA
   10            | • DATA_TYPE IDENTIFICADOR S_IGUAL IDENTIFICADOR S_PUNTO_COMA
   11            | • DATA_TYPE IDENTIFICADOR S_IGUAL PARENTESIS_OPEN DATA_TYPE PARENTESIS_CLOSE IDENTIFICADOR S_PUNTO_COMA
   12 asignation: • IDENTIFICADOR op_expr expr S_PUNTO_COMA

    IDENTIFICADOR   desplazar e ir al estado 1
    DATA_TYPE       desplazar e ir al estado 2
    PRINT_SENTENCE  desplazar e ir al estado 3

    input                ir al estado 4
    lista_instrucciones  ir al estado 5
    instruccion          ir al estado 6
    print                ir al estado 7
    declaration          ir al estado 8
    asignation           ir al estado 9


Estado 1

   12 asignation: IDENTIFICADOR • op_expr expr S_PUNTO_COMA
   13 op_expr: • S_IGUAL
   14        | • OP_MAS_IGUAL
   15        | • OP_MENOS_IGUAL
   16        | • OP_MULTI_IGUAL
   17        | • OP_DIV_IGUAL
   18        | • OP_MOD_IGUAL
   19        | • OP_AND_IGUAL
   20        | • OP_OR_IGUAL
   21        | • OP_POT_IGUAL
   22        | • OP_MAYOR_IGUAL
   23        | • OP_MENOR_IGUAL

    S_IGUAL         desplazar e ir al estado 10
    OP_MAS_IGUAL    desplazar e ir al estado 11
    OP_MENOS_IGUAL  desplazar e ir al estado 12
    OP_MULTI_IGUAL  desplazar e ir al estado 13
    OP_DIV_IGUAL    desplazar e ir al estado 14
    OP_MOD_IGUAL    desplazar e ir al estado 15
    OP_AND_IGUAL    desplazar e ir al estado 16
    OP_OR_IGUAL     desplazar e ir al estado 17
    OP_POT_IGUAL    desplazar e ir al estado 18
    OP_MAYOR_IGUAL  desplazar e ir al estado 19
    OP_MENOR_IGUAL  desplazar e ir al estado 20

    op_expr  ir al estado 21


Estado 2

    8 declaration: DATA_TYPE • IDENTIFICADOR S_PUNTO_COMA
    9            | DATA_TYPE • IDENTIFICADOR S_IGUAL expr S_PUNTO_COMA
   10            | DATA_TYPE • IDENTIFICADOR S_IGUAL IDENTIFICADOR S_PUNTO_COMA
   11            | DATA_TYPE • IDENTIFICADOR S_IGUAL PARENTESIS_OPEN DATA_TYPE PARENTESIS_CLOSE IDENTIFICADOR S_PUNTO_COMA

    IDENTIFICADOR  desplazar e ir al estado 22


Estado 3

    7 print: PRINT_SENTENCE • expr
   24 expr: • expr '+' expr
   25     | • expr '-' expr
   26     | • expr '*' expr
   27     | • expr '/' expr
   28     | • expr '%' expr
   29     | • PARENTESIS_OPEN expr PARENTESIS_CLOSE
   30     | • INT_NUMBER
   31     | • FLOAT_NUMBER
   32     | • STRING_COMILLAS
   33     | • BOOL_VALUE
   34     | • NULL_VALUE
   35     | • IDENTIFICADOR
   36     | • expr OP_MENOR_A expr
   37     | • expr OP_MAYOR_A expr
   38     | • expr OP_MENOR_IGUAL_A expr
   39     | • expr OP_MAYOR_IGUAL_A expr
   40     | • expr OP_IGUAL_IGUAL expr
   41     | • expr OP_DISTINTO_A expr
   42     | • expr LOGIC_AND expr
   43     | • expr LOGIC_OR expr
   44     | • LOGIC_NOT expr

    INT_NUMBER       desplazar e ir al estado 23
    FLOAT_NUMBER     desplazar e ir al estado 24
    IDENTIFICADOR    desplazar e ir al estado 25
    STRING_COMILLAS  desplazar e ir al estado 26
    BOOL_VALUE       desplazar e ir al estado 27
    NULL_VALUE       desplazar e ir al estado 28
    PARENTESIS_OPEN  desplazar e ir al estado 29
    LOGIC_NOT        desplazar e ir al estado 30

    expr  ir al estado 31


Estado 4

    0 $accept: input • $end

    $end  desplazar e ir al estado 32


Estado 5

    1 input: lista_instrucciones •  [$end]
    2 lista_instrucciones: lista_instrucciones • instruccion
    4 instruccion: • declaration
    5            | • asignation
    6            | • print
    7 print: • PRINT_SENTENCE expr
    8 declaration: • DATA_TYPE IDENTIFICADOR S_PUNTO_COMA
    9            | • DATA_TYPE IDENTIFICADOR S_IGUAL expr S_PUNTO_COMA
   10            | • DATA_TYPE IDENTIFICADOR S_IGUAL IDENTIFICADOR S_PUNTO_COMA
   11            | • DATA_TYPE IDENTIFICADOR S_IGUAL PARENTESIS_OPEN DATA_TYPE PARENTESIS_CLOSE IDENTIFICADOR S_PUNTO_COMA
   12 asignation: • IDENTIFICADOR op_expr expr S_PUNTO_COMA

    IDENTIFICADOR   desplazar e ir al estado 1
    DATA_TYPE       desplazar e ir al estado 2
    PRINT_SENTENCE  desplazar e ir al estado 3

    $default  reduce usando la regla 1 (input)

    instruccion  ir al estado 33
    print        ir al estado 7
    declaration  ir al estado 8
    asignation   ir al estado 9


Estado 6

    3 lista_instrucciones: instruccion •

    $default  reduce usando la regla 3 (lista_instrucciones)


Estado 7

    6 instruccion: print •

    $default  reduce usando la regla 6 (instruccion)


Estado 8

    4 instruccion: declaration •

    $default  reduce usando la regla 4 (instruccion)


Estado 9

    5 instruccion: asignation •

    $default  reduce usando la regla 5 (instruccion)


Estado 10

   13 op_expr: S_IGUAL •

    $default  reduce usando la regla 13 (op_expr)


Estado 11

   14 op_expr: OP_MAS_IGUAL •

    $default  reduce usando la regla 14 (op_expr)


Estado 12

   15 op_expr: OP_MENOS_IGUAL •

    $default  reduce usando la regla 15 (op_expr)


Estado 13

   16 op_expr: OP_MULTI_IGUAL •

    $default  reduce usando la regla 16 (op_expr)


Estado 14

   17 op_expr: OP_DIV_IGUAL •

    $default  reduce usando la regla 17 (op_expr)


Estado 15

   18 op_expr: OP_MOD_IGUAL •

    $default  reduce usando la regla 18 (op_expr)


Estado 16

   19 op_expr: OP_AND_IGUAL •

    $default  reduce usando la regla 19 (op_expr)


Estado 17

   20 op_expr: OP_OR_IGUAL •

    $default  reduce usando la regla 20 (op_expr)


Estado 18

   21 op_expr: OP_POT_IGUAL •

    $default  reduce usando la regla 21 (op_expr)


Estado 19

   22 op_expr: OP_MAYOR_IGUAL •

    $default  reduce usando la regla 22 (op_expr)


Estado 20

   23 op_expr: OP_MENOR_IGUAL •

    $default  reduce usando la regla 23 (op_expr)


Estado 21

   12 asignation: IDENTIFICADOR op_expr • expr S_PUNTO_COMA
   24 expr: • expr '+' expr
   25     | • expr '-' expr
   26     | • expr '*' expr
   27     | • expr '/' expr
   28     | • expr '%' expr
   29     | • PARENTESIS_OPEN expr PARENTESIS_CLOSE
   30     | • INT_NUMBER
   31     | • FLOAT_NUMBER
   32     | • STRING_COMILLAS
   33     | • BOOL_VALUE
   34     | • NULL_VALUE
   35     | • IDENTIFICADOR
   36     | • expr OP_MENOR_A expr
   37     | • expr OP_MAYOR_A expr
   38     | • expr OP_MENOR_IGUAL_A expr
   39     | • expr OP_MAYOR_IGUAL_A expr
   40     | • expr OP_IGUAL_IGUAL expr
   41     | • expr OP_DISTINTO_A expr
   42     | • expr LOGIC_AND expr
   43     | • expr LOGIC_OR expr
   44     | • LOGIC_NOT expr

    INT_NUMBER       desplazar e ir al estado 23
    FLOAT_NUMBER     desplazar e ir al estado 24
    IDENTIFICADOR    desplazar e ir al estado 25
    STRING_COMILLAS  desplazar e ir al estado 26
    BOOL_VALUE       desplazar e ir al estado 27
    NULL_VALUE       desplazar e ir al estado 28
    PARENTESIS_OPEN  desplazar e ir al estado 29
    LOGIC_NOT        desplazar e ir al estado 30

    expr  ir al estado 34


Estado 22

    8 declaration: DATA_TYPE IDENTIFICADOR • S_PUNTO_COMA
    9            | DATA_TYPE IDENTIFICADOR • S_IGUAL expr S_PUNTO_COMA
   10            | DATA_TYPE IDENTIFICADOR • S_IGUAL IDENTIFICADOR S_PUNTO_COMA
   11            | DATA_TYPE IDENTIFICADOR • S_IGUAL PARENTESIS_OPEN DATA_TYPE PARENTESIS_CLOSE IDENTIFICADOR S_PUNTO_COMA

    S_PUNTO_COMA  desplazar e ir al estado 35
    S_IGUAL       desplazar e ir al estado 36


Estado 23

   30 expr: INT_NUMBER •

    $default  reduce usando la regla 30 (expr)


Estado 24

   31 expr: FLOAT_NUMBER •

    $default  reduce usando la regla 31 (expr)


Estado 25

   35 expr: IDENTIFICADOR •

    $default  reduce usando la regla 35 (expr)


Estado 26

   32 expr: STRING_COMILLAS •

    $default  reduce usando la regla 32 (expr)


Estado 27

   33 expr: BOOL_VALUE •

    $default  reduce usando la regla 33 (expr)


Estado 28

   34 expr: NULL_VALUE •

    $default  reduce usando la regla 34 (expr)


Estado 29

   24 expr: • expr '+' expr
   25     | • expr '-' expr
   26     | • expr '*' expr
   27     | • expr '/' expr
   28     | • expr '%' expr
   29     | • PARENTESIS_OPEN expr PARENTESIS_CLOSE
   29     | PARENTESIS_OPEN • expr PARENTESIS_CLOSE
   30     | • INT_NUMBER
   31     | • FLOAT_NUMBER
   32     | • STRING_COMILLAS
   33     | • BOOL_VALUE
   34     | • NULL_VALUE
   35     | • IDENTIFICADOR
   36     | • expr OP_MENOR_A expr
   37     | • expr OP_MAYOR_A expr
   38     | • expr OP_MENOR_IGUAL_A expr
   39     | • expr OP_MAYOR_IGUAL_A expr
   40     | • expr OP_IGUAL_IGUAL expr
   41     | • expr OP_DISTINTO_A expr
   42     | • expr LOGIC_AND expr
   43     | • expr LOGIC_OR expr
   44     | • LOGIC_NOT expr

    INT_NUMBER       desplazar e ir al estado 23
    FLOAT_NUMBER     desplazar e ir al estado 24
    IDENTIFICADOR    desplazar e ir al estado 25
    STRING_COMILLAS  desplazar e ir al estado 26
    BOOL_VALUE       desplazar e ir al estado 27
    NULL_VALUE       desplazar e ir al estado 28
    PARENTESIS_OPEN  desplazar e ir al estado 29
    LOGIC_NOT        desplazar e ir al estado 30

    expr  ir al estado 37


Estado 30

   24 expr: • expr '+' expr
   25     | • expr '-' expr
   26     | • expr '*' expr
   27     | • expr '/' expr
   28     | • expr '%' expr
   29     | • PARENTESIS_OPEN expr PARENTESIS_CLOSE
   30     | • INT_NUMBER
   31     | • FLOAT_NUMBER
   32     | • STRING_COMILLAS
   33     | • BOOL_VALUE
   34     | • NULL_VALUE
   35     | • IDENTIFICADOR
   36     | • expr OP_MENOR_A expr
   37     | • expr OP_MAYOR_A expr
   38     | • expr OP_MENOR_IGUAL_A expr
   39     | • expr OP_MAYOR_IGUAL_A expr
   40     | • expr OP_IGUAL_IGUAL expr
   41     | • expr OP_DISTINTO_A expr
   42     | • expr LOGIC_AND expr
   43     | • expr LOGIC_OR expr
   44     | • LOGIC_NOT expr
   44     | LOGIC_NOT • expr

    INT_NUMBER       desplazar e ir al estado 23
    FLOAT_NUMBER     desplazar e ir al estado 24
    IDENTIFICADOR    desplazar e ir al estado 25
    STRING_COMILLAS  desplazar e ir al estado 26
    BOOL_VALUE       desplazar e ir al estado 27
    NULL_VALUE       desplazar e ir al estado 28
    PARENTESIS_OPEN  desplazar e ir al estado 29
    LOGIC_NOT        desplazar e ir al estado 30

    expr  ir al estado 38


Estado 31

    7 print: PRINT_SENTENCE expr •  [$end, IDENTIFICADOR, DATA_TYPE, PRINT_SENTENCE]
   24 expr: expr • '+' expr
   25     | expr • '-' expr
   26     | expr • '*' expr
   27     | expr • '/' expr
   28     | expr • '%' expr
   36     | expr • OP_MENOR_A expr
   37     | expr • OP_MAYOR_A expr
   38     | expr • OP_MENOR_IGUAL_A expr
   39     | expr • OP_MAYOR_IGUAL_A expr
   40     | expr • OP_IGUAL_IGUAL expr
   41     | expr • OP_DISTINTO_A expr
   42     | expr • LOGIC_AND expr
   43     | expr • LOGIC_OR expr

    OP_IGUAL_IGUAL    desplazar e ir al estado 39
    OP_DISTINTO_A     desplazar e ir al estado 40
    OP_MENOR_IGUAL_A  desplazar e ir al estado 41
    OP_MAYOR_IGUAL_A  desplazar e ir al estado 42
    LOGIC_OR          desplazar e ir al estado 43
    LOGIC_AND         desplazar e ir al estado 44
    OP_MENOR_A        desplazar e ir al estado 45
    OP_MAYOR_A        desplazar e ir al estado 46
    '+'               desplazar e ir al estado 47
    '-'               desplazar e ir al estado 48
    '*'               desplazar e ir al estado 49
    '/'               desplazar e ir al estado 50
    '%'               desplazar e ir al estado 51

    $default  reduce usando la regla 7 (print)


Estado 32

    0 $accept: input $end •

    $default  aceptar


Estado 33

    2 lista_instrucciones: lista_instrucciones instruccion •

    $default  reduce usando la regla 2 (lista_instrucciones)


Estado 34

   12 asignation: IDENTIFICADOR op_expr expr • S_PUNTO_COMA
   24 expr: expr • '+' expr
   25     | expr • '-' expr
   26     | expr • '*' expr
   27     | expr • '/' expr
   28     | expr • '%' expr
   36     | expr • OP_MENOR_A expr
   37     | expr • OP_MAYOR_A expr
   38     | expr • OP_MENOR_IGUAL_A expr
   39     | expr • OP_MAYOR_IGUAL_A expr
   40     | expr • OP_IGUAL_IGUAL expr
   41     | expr • OP_DISTINTO_A expr
   42     | expr • LOGIC_AND expr
   43     | expr • LOGIC_OR expr

    S_PUNTO_COMA      desplazar e ir al estado 52
    OP_IGUAL_IGUAL    desplazar e ir al estado 39
    OP_DISTINTO_A     desplazar e ir al estado 40
    OP_MENOR_IGUAL_A  desplazar e ir al estado 41
    OP_MAYOR_IGUAL_A  desplazar e ir al estado 42
    LOGIC_OR          desplazar e ir al estado 43
    LOGIC_AND         desplazar e ir al estado 44
    OP_MENOR_A        desplazar e ir al estado 45
    OP_MAYOR_A        desplazar e ir al estado 46
    '+'               desplazar e ir al estado 47
    '-'               desplazar e ir al estado 48
    '*'               desplazar e ir al estado 49
    '/'               desplazar e ir al estado 50
    '%'               desplazar e ir al estado 51


Estado 35

    8 declaration: DATA_TYPE IDENTIFICADOR S_PUNTO_COMA •

    $default  reduce usando la regla 8 (declaration)


Estado 36

    9 declaration: DATA_TYPE IDENTIFICADOR S_IGUAL • expr S_PUNTO_COMA
   10            | DATA_TYPE IDENTIFICADOR S_IGUAL • IDENTIFICADOR S_PUNTO_COMA
   11            | DATA_TYPE IDENTIFICADOR S_IGUAL • PARENTESIS_OPEN DATA_TYPE PARENTESIS_CLOSE IDENTIFICADOR S_PUNTO_COMA
   24 expr: • expr '+' expr
   25     | • expr '-' expr
   26     | • expr '*' expr
   27     | • expr '/' expr
   28     | • expr '%' expr
   29     | • PARENTESIS_OPEN expr PARENTESIS_CLOSE
   30     | • INT_NUMBER
   31     | • FLOAT_NUMBER
   32     | • STRING_COMILLAS
   33     | • BOOL_VALUE
   34     | • NULL_VALUE
   35     | • IDENTIFICADOR
   36     | • expr OP_MENOR_A expr
   37     | • expr OP_MAYOR_A expr
   38     | • expr OP_MENOR_IGUAL_A expr
   39     | • expr OP_MAYOR_IGUAL_A expr
   40     | • expr OP_IGUAL_IGUAL expr
   41     | • expr OP_DISTINTO_A expr
   42     | • expr LOGIC_AND expr
   43     | • expr LOGIC_OR expr
   44     | • LOGIC_NOT expr

    INT_NUMBER       desplazar e ir al estado 23
    FLOAT_NUMBER     desplazar e ir al estado 24
    IDENTIFICADOR    desplazar e ir al estado 53
    STRING_COMILLAS  desplazar e ir al estado 26
    BOOL_VALUE       desplazar e ir al estado 27
    NULL_VALUE       desplazar e ir al estado 28
    PARENTESIS_OPEN  desplazar e ir al estado 54
    LOGIC_NOT        desplazar e ir al estado 30

    expr  ir al estado 55


Estado 37

   24 expr: expr • '+' expr
   25     | expr • '-' expr
   26     | expr • '*' expr
   27     | expr • '/' expr
   28     | expr • '%' expr
   29     | PARENTESIS_OPEN expr • PARENTESIS_CLOSE
   36     | expr • OP_MENOR_A expr
   37     | expr • OP_MAYOR_A expr
   38     | expr • OP_MENOR_IGUAL_A expr
   39     | expr • OP_MAYOR_IGUAL_A expr
   40     | expr • OP_IGUAL_IGUAL expr
   41     | expr • OP_DISTINTO_A expr
   42     | expr • LOGIC_AND expr
   43     | expr • LOGIC_OR expr

    PARENTESIS_CLOSE  desplazar e ir al estado 56
    OP_IGUAL_IGUAL    desplazar e ir al estado 39
    OP_DISTINTO_A     desplazar e ir al estado 40
    OP_MENOR_IGUAL_A  desplazar e ir al estado 41
    OP_MAYOR_IGUAL_A  desplazar e ir al estado 42
    LOGIC_OR          desplazar e ir al estado 43
    LOGIC_AND         desplazar e ir al estado 44
    OP_MENOR_A        desplazar e ir al estado 45
    OP_MAYOR_A        desplazar e ir al estado 46
    '+'               desplazar e ir al estado 47
    '-'               desplazar e ir al estado 48
    '*'               desplazar e ir al estado 49
    '/'               desplazar e ir al estado 50
    '%'               desplazar e ir al estado 51


Estado 38

   24 expr: expr • '+' expr
   25     | expr • '-' expr
   26     | expr • '*' expr
   27     | expr • '/' expr
   28     | expr • '%' expr
   36     | expr • OP_MENOR_A expr
   37     | expr • OP_MAYOR_A expr
   38     | expr • OP_MENOR_IGUAL_A expr
   39     | expr • OP_MAYOR_IGUAL_A expr
   40     | expr • OP_IGUAL_IGUAL expr
   41     | expr • OP_DISTINTO_A expr
   42     | expr • LOGIC_AND expr
   43     | expr • LOGIC_OR expr
   44     | LOGIC_NOT expr •  [$end, IDENTIFICADOR, DATA_TYPE, S_PUNTO_COMA, PARENTESIS_CLOSE, OP_IGUAL_IGUAL, OP_DISTINTO_A, OP_MENOR_IGUAL_A, OP_MAYOR_IGUAL_A, LOGIC_OR, LOGIC_AND, OP_MENOR_A, OP_MAYOR_A, PRINT_SENTENCE, '+', '-', '*', '/', '%']

    $default  reduce usando la regla 44 (expr)

    Conflict between rule 44 and token OP_IGUAL_IGUAL resolved as reduce (OP_IGUAL_IGUAL < LOGIC_NOT).
    Conflict between rule 44 and token OP_DISTINTO_A resolved as reduce (OP_DISTINTO_A < LOGIC_NOT).
    Conflict between rule 44 and token OP_MENOR_IGUAL_A resolved as reduce (OP_MENOR_IGUAL_A < LOGIC_NOT).
    Conflict between rule 44 and token OP_MAYOR_IGUAL_A resolved as reduce (OP_MAYOR_IGUAL_A < LOGIC_NOT).
    Conflict between rule 44 and token LOGIC_OR resolved as reduce (LOGIC_OR < LOGIC_NOT).
    Conflict between rule 44 and token LOGIC_AND resolved as reduce (LOGIC_AND < LOGIC_NOT).
    Conflict between rule 44 and token OP_MENOR_A resolved as reduce (OP_MENOR_A < LOGIC_NOT).
    Conflict between rule 44 and token OP_MAYOR_A resolved as reduce (OP_MAYOR_A < LOGIC_NOT).
    Conflict between rule 44 and token '+' resolved as reduce ('+' < LOGIC_NOT).
    Conflict between rule 44 and token '-' resolved as reduce ('-' < LOGIC_NOT).
    Conflict between rule 44 and token '*' resolved as reduce ('*' < LOGIC_NOT).
    Conflict between rule 44 and token '/' resolved as reduce ('/' < LOGIC_NOT).
    Conflict between rule 44 and token '%' resolved as reduce ('%' < LOGIC_NOT).


Estado 39

   24 expr: • expr '+' expr
   25     | • expr '-' expr
   26     | • expr '*' expr
   27     | • expr '/' expr
   28     | • expr '%' expr
   29     | • PARENTESIS_OPEN expr PARENTESIS_CLOSE
   30     | • INT_NUMBER
   31     | • FLOAT_NUMBER
   32     | • STRING_COMILLAS
   33     | • BOOL_VALUE
   34     | • NULL_VALUE
   35     | • IDENTIFICADOR
   36     | • expr OP_MENOR_A expr
   37     | • expr OP_MAYOR_A expr
   38     | • expr OP_MENOR_IGUAL_A expr
   39     | • expr OP_MAYOR_IGUAL_A expr
   40     | • expr OP_IGUAL_IGUAL expr
   40     | expr OP_IGUAL_IGUAL • expr
   41     | • expr OP_DISTINTO_A expr
   42     | • expr LOGIC_AND expr
   43     | • expr LOGIC_OR expr
   44     | • LOGIC_NOT expr

    INT_NUMBER       desplazar e ir al estado 23
    FLOAT_NUMBER     desplazar e ir al estado 24
    IDENTIFICADOR    desplazar e ir al estado 25
    STRING_COMILLAS  desplazar e ir al estado 26
    BOOL_VALUE       desplazar e ir al estado 27
    NULL_VALUE       desplazar e ir al estado 28
    PARENTESIS_OPEN  desplazar e ir al estado 29
    LOGIC_NOT        desplazar e ir al estado 30

    expr  ir al estado 57


Estado 40

   24 expr: • expr '+' expr
   25     | • expr '-' expr
   26     | • expr '*' expr
   27     | • expr '/' expr
   28     | • expr '%' expr
   29     | • PARENTESIS_OPEN expr PARENTESIS_CLOSE
   30     | • INT_NUMBER
   31     | • FLOAT_NUMBER
   32     | • STRING_COMILLAS
   33     | • BOOL_VALUE
   34     | • NULL_VALUE
   35     | • IDENTIFICADOR
   36     | • expr OP_MENOR_A expr
   37     | • expr OP_MAYOR_A expr
   38     | • expr OP_MENOR_IGUAL_A expr
   39     | • expr OP_MAYOR_IGUAL_A expr
   40     | • expr OP_IGUAL_IGUAL expr
   41     | • expr OP_DISTINTO_A expr
   41     | expr OP_DISTINTO_A • expr
   42     | • expr LOGIC_AND expr
   43     | • expr LOGIC_OR expr
   44     | • LOGIC_NOT expr

    INT_NUMBER       desplazar e ir al estado 23
    FLOAT_NUMBER     desplazar e ir al estado 24
    IDENTIFICADOR    desplazar e ir al estado 25
    STRING_COMILLAS  desplazar e ir al estado 26
    BOOL_VALUE       desplazar e ir al estado 27
    NULL_VALUE       desplazar e ir al estado 28
    PARENTESIS_OPEN  desplazar e ir al estado 29
    LOGIC_NOT        desplazar e ir al estado 30

    expr  ir al estado 58


Estado 41

   24 expr: • expr '+' expr
   25     | • expr '-' expr
   26     | • expr '*' expr
   27     | • expr '/' expr
   28     | • expr '%' expr
   29     | • PARENTESIS_OPEN expr PARENTESIS_CLOSE
   30     | • INT_NUMBER
   31     | • FLOAT_NUMBER
   32     | • STRING_COMILLAS
   33     | • BOOL_VALUE
   34     | • NULL_VALUE
   35     | • IDENTIFICADOR
   36     | • expr OP_MENOR_A expr
   37     | • expr OP_MAYOR_A expr
   38     | • expr OP_MENOR_IGUAL_A expr
   38     | expr OP_MENOR_IGUAL_A • expr
   39     | • expr OP_MAYOR_IGUAL_A expr
   40     | • expr OP_IGUAL_IGUAL expr
   41     | • expr OP_DISTINTO_A expr
   42     | • expr LOGIC_AND expr
   43     | • expr LOGIC_OR expr
   44     | • LOGIC_NOT expr

    INT_NUMBER       desplazar e ir al estado 23
    FLOAT_NUMBER     desplazar e ir al estado 24
    IDENTIFICADOR    desplazar e ir al estado 25
    STRING_COMILLAS  desplazar e ir al estado 26
    BOOL_VALUE       desplazar e ir al estado 27
    NULL_VALUE       desplazar e ir al estado 28
    PARENTESIS_OPEN  desplazar e ir al estado 29
    LOGIC_NOT        desplazar e ir al estado 30

    expr  ir al estado 59


Estado 42

   24 expr: • expr '+' expr
   25     | • expr '-' expr
   26     | • expr '*' expr
   27     | • expr '/' expr
   28     | • expr '%' expr
   29     | • PARENTESIS_OPEN expr PARENTESIS_CLOSE
   30     | • INT_NUMBER
   31     | • FLOAT_NUMBER
   32     | • STRING_COMILLAS
   33     | • BOOL_VALUE
   34     | • NULL_VALUE
   35     | • IDENTIFICADOR
   36     | • expr OP_MENOR_A expr
   37     | • expr OP_MAYOR_A expr
   38     | • expr OP_MENOR_IGUAL_A expr
   39     | • expr OP_MAYOR_IGUAL_A expr
   39     | expr OP_MAYOR_IGUAL_A • expr
   40     | • expr OP_IGUAL_IGUAL expr
   41     | • expr OP_DISTINTO_A expr
   42     | • expr LOGIC_AND expr
   43     | • expr LOGIC_OR expr
   44     | • LOGIC_NOT expr

    INT_NUMBER       desplazar e ir al estado 23
    FLOAT_NUMBER     desplazar e ir al estado 24
    IDENTIFICADOR    desplazar e ir al estado 25
    STRING_COMILLAS  desplazar e ir al estado 26
    BOOL_VALUE       desplazar e ir al estado 27
    NULL_VALUE       desplazar e ir al estado 28
    PARENTESIS_OPEN  desplazar e ir al estado 29
    LOGIC_NOT        desplazar e ir al estado 30

    expr  ir al estado 60


Estado 43

   24 expr: • expr '+' expr
   25     | • expr '-' expr
   26     | • expr '*' expr
   27     | • expr '/' expr
   28     | • expr '%' expr
   29     | • PARENTESIS_OPEN expr PARENTESIS_CLOSE
   30     | • INT_NUMBER
   31     | • FLOAT_NUMBER
   32     | • STRING_COMILLAS
   33     | • BOOL_VALUE
   34     | • NULL_VALUE
   35     | • IDENTIFICADOR
   36     | • expr OP_MENOR_A expr
   37     | • expr OP_MAYOR_A expr
   38     | • expr OP_MENOR_IGUAL_A expr
   39     | • expr OP_MAYOR_IGUAL_A expr
   40     | • expr OP_IGUAL_IGUAL expr
   41     | • expr OP_DISTINTO_A expr
   42     | • expr LOGIC_AND expr
   43     | • expr LOGIC_OR expr
   43     | expr LOGIC_OR • expr
   44     | • LOGIC_NOT expr

    INT_NUMBER       desplazar e ir al estado 23
    FLOAT_NUMBER     desplazar e ir al estado 24
    IDENTIFICADOR    desplazar e ir al estado 25
    STRING_COMILLAS  desplazar e ir al estado 26
    BOOL_VALUE       desplazar e ir al estado 27
    NULL_VALUE       desplazar e ir al estado 28
    PARENTESIS_OPEN  desplazar e ir al estado 29
    LOGIC_NOT        desplazar e ir al estado 30

    expr  ir al estado 61


Estado 44

   24 expr: • expr '+' expr
   25     | • expr '-' expr
   26     | • expr '*' expr
   27     | • expr '/' expr
   28     | • expr '%' expr
   29     | • PARENTESIS_OPEN expr PARENTESIS_CLOSE
   30     | • INT_NUMBER
   31     | • FLOAT_NUMBER
   32     | • STRING_COMILLAS
   33     | • BOOL_VALUE
   34     | • NULL_VALUE
   35     | • IDENTIFICADOR
   36     | • expr OP_MENOR_A expr
   37     | • expr OP_MAYOR_A expr
   38     | • expr OP_MENOR_IGUAL_A expr
   39     | • expr OP_MAYOR_IGUAL_A expr
   40     | • expr OP_IGUAL_IGUAL expr
   41     | • expr OP_DISTINTO_A expr
   42     | • expr LOGIC_AND expr
   42     | expr LOGIC_AND • expr
   43     | • expr LOGIC_OR expr
   44     | • LOGIC_NOT expr

    INT_NUMBER       desplazar e ir al estado 23
    FLOAT_NUMBER     desplazar e ir al estado 24
    IDENTIFICADOR    desplazar e ir al estado 25
    STRING_COMILLAS  desplazar e ir al estado 26
    BOOL_VALUE       desplazar e ir al estado 27
    NULL_VALUE       desplazar e ir al estado 28
    PARENTESIS_OPEN  desplazar e ir al estado 29
    LOGIC_NOT        desplazar e ir al estado 30

    expr  ir al estado 62


Estado 45

   24 expr: • expr '+' expr
   25     | • expr '-' expr
   26     | • expr '*' expr
   27     | • expr '/' expr
   28     | • expr '%' expr
   29     | • PARENTESIS_OPEN expr PARENTESIS_CLOSE
   30     | • INT_NUMBER
   31     | • FLOAT_NUMBER
   32     | • STRING_COMILLAS
   33     | • BOOL_VALUE
   34     | • NULL_VALUE
   35     | • IDENTIFICADOR
   36     | • expr OP_MENOR_A expr
   36     | expr OP_MENOR_A • expr
   37     | • expr OP_MAYOR_A expr
   38     | • expr OP_MENOR_IGUAL_A expr
   39     | • expr OP_MAYOR_IGUAL_A expr
   40     | • expr OP_IGUAL_IGUAL expr
   41     | • expr OP_DISTINTO_A expr
   42     | • expr LOGIC_AND expr
   43     | • expr LOGIC_OR expr
   44     | • LOGIC_NOT expr

    INT_NUMBER       desplazar e ir al estado 23
    FLOAT_NUMBER     desplazar e ir al estado 24
    IDENTIFICADOR    desplazar e ir al estado 25
    STRING_COMILLAS  desplazar e ir al estado 26
    BOOL_VALUE       desplazar e ir al estado 27
    NULL_VALUE       desplazar e ir al estado 28
    PARENTESIS_OPEN  desplazar e ir al estado 29
    LOGIC_NOT        desplazar e ir al estado 30

    expr  ir al estado 63


Estado 46

   24 expr: • expr '+' expr
   25     | • expr '-' expr
   26     | • expr '*' expr
   27     | • expr '/' expr
   28     | • expr '%' expr
   29     | • PARENTESIS_OPEN expr PARENTESIS_CLOSE
   30     | • INT_NUMBER
   31     | • FLOAT_NUMBER
   32     | • STRING_COMILLAS
   33     | • BOOL_VALUE
   34     | • NULL_VALUE
   35     | • IDENTIFICADOR
   36     | • expr OP_MENOR_A expr
   37     | • expr OP_MAYOR_A expr
   37     | expr OP_MAYOR_A • expr
   38     | • expr OP_MENOR_IGUAL_A expr
   39     | • expr OP_MAYOR_IGUAL_A expr
   40     | • expr OP_IGUAL_IGUAL expr
   41     | • expr OP_DISTINTO_A expr
   42     | • expr LOGIC_AND expr
   43     | • expr LOGIC_OR expr
   44     | • LOGIC_NOT expr

    INT_NUMBER       desplazar e ir al estado 23
    FLOAT_NUMBER     desplazar e ir al estado 24
    IDENTIFICADOR    desplazar e ir al estado 25
    STRING_COMILLAS  desplazar e ir al estado 26
    BOOL_VALUE       desplazar e ir al estado 27
    NULL_VALUE       desplazar e ir al estado 28
    PARENTESIS_OPEN  desplazar e ir al estado 29
    LOGIC_NOT        desplazar e ir al estado 30

    expr  ir al estado 64


Estado 47

   24 expr: • expr '+' expr
   24     | expr '+' • expr
   25     | • expr '-' expr
   26     | • expr '*' expr
   27     | • expr '/' expr
   28     | • expr '%' expr
   29     | • PARENTESIS_OPEN expr PARENTESIS_CLOSE
   30     | • INT_NUMBER
   31     | • FLOAT_NUMBER
   32     | • STRING_COMILLAS
   33     | • BOOL_VALUE
   34     | • NULL_VALUE
   35     | • IDENTIFICADOR
   36     | • expr OP_MENOR_A expr
   37     | • expr OP_MAYOR_A expr
   38     | • expr OP_MENOR_IGUAL_A expr
   39     | • expr OP_MAYOR_IGUAL_A expr
   40     | • expr OP_IGUAL_IGUAL expr
   41     | • expr OP_DISTINTO_A expr
   42     | • expr LOGIC_AND expr
   43     | • expr LOGIC_OR expr
   44     | • LOGIC_NOT expr

    INT_NUMBER       desplazar e ir al estado 23
    FLOAT_NUMBER     desplazar e ir al estado 24
    IDENTIFICADOR    desplazar e ir al estado 25
    STRING_COMILLAS  desplazar e ir al estado 26
    BOOL_VALUE       desplazar e ir al estado 27
    NULL_VALUE       desplazar e ir al estado 28
    PARENTESIS_OPEN  desplazar e ir al estado 29
    LOGIC_NOT        desplazar e ir al estado 30

    expr  ir al estado 65


Estado 48

   24 expr: • expr '+' expr
   25     | • expr '-' expr
   25     | expr '-' • expr
   26     | • expr '*' expr
   27     | • expr '/' expr
   28     | • expr '%' expr
   29     | • PARENTESIS_OPEN expr PARENTESIS_CLOSE
   30     | • INT_NUMBER
   31     | • FLOAT_NUMBER
   32     | • STRING_COMILLAS
   33     | • BOOL_VALUE
   34     | • NULL_VALUE
   35     | • IDENTIFICADOR
   36     | • expr OP_MENOR_A expr
   37     | • expr OP_MAYOR_A expr
   38     | • expr OP_MENOR_IGUAL_A expr
   39     | • expr OP_MAYOR_IGUAL_A expr
   40     | • expr OP_IGUAL_IGUAL expr
   41     | • expr OP_DISTINTO_A expr
   42     | • expr LOGIC_AND expr
   43     | • expr LOGIC_OR expr
   44     | • LOGIC_NOT expr

    INT_NUMBER       desplazar e ir al estado 23
    FLOAT_NUMBER     desplazar e ir al estado 24
    IDENTIFICADOR    desplazar e ir al estado 25
    STRING_COMILLAS  desplazar e ir al estado 26
    BOOL_VALUE       desplazar e ir al estado 27
    NULL_VALUE       desplazar e ir al estado 28
    PARENTESIS_OPEN  desplazar e ir al estado 29
    LOGIC_NOT        desplazar e ir al estado 30

    expr  ir al estado 66


Estado 49

   24 expr: • expr '+' expr
   25     | • expr '-' expr
   26     | • expr '*' expr
   26     | expr '*' • expr
   27     | • expr '/' expr
   28     | • expr '%' expr
   29     | • PARENTESIS_OPEN expr PARENTESIS_CLOSE
   30     | • INT_NUMBER
   31     | • FLOAT_NUMBER
   32     | • STRING_COMILLAS
   33     | • BOOL_VALUE
   34     | • NULL_VALUE
   35     | • IDENTIFICADOR
   36     | • expr OP_MENOR_A expr
   37     | • expr OP_MAYOR_A expr
   38     | • expr OP_MENOR_IGUAL_A expr
   39     | • expr OP_MAYOR_IGUAL_A expr
   40     | • expr OP_IGUAL_IGUAL expr
   41     | • expr OP_DISTINTO_A expr
   42     | • expr LOGIC_AND expr
   43     | • expr LOGIC_OR expr
   44     | • LOGIC_NOT expr

    INT_NUMBER       desplazar e ir al estado 23
    FLOAT_NUMBER     desplazar e ir al estado 24
    IDENTIFICADOR    desplazar e ir al estado 25
    STRING_COMILLAS  desplazar e ir al estado 26
    BOOL_VALUE       desplazar e ir al estado 27
    NULL_VALUE       desplazar e ir al estado 28
    PARENTESIS_OPEN  desplazar e ir al estado 29
    LOGIC_NOT        desplazar e ir al estado 30

    expr  ir al estado 67


Estado 50

   24 expr: • expr '+' expr
   25     | • expr '-' expr
   26     | • expr '*' expr
   27     | • expr '/' expr
   27     | expr '/' • expr
   28     | • expr '%' expr
   29     | • PARENTESIS_OPEN expr PARENTESIS_CLOSE
   30     | • INT_NUMBER
   31     | • FLOAT_NUMBER
   32     | • STRING_COMILLAS
   33     | • BOOL_VALUE
   34     | • NULL_VALUE
   35     | • IDENTIFICADOR
   36     | • expr OP_MENOR_A expr
   37     | • expr OP_MAYOR_A expr
   38     | • expr OP_MENOR_IGUAL_A expr
   39     | • expr OP_MAYOR_IGUAL_A expr
   40     | • expr OP_IGUAL_IGUAL expr
   41     | • expr OP_DISTINTO_A expr
   42     | • expr LOGIC_AND expr
   43     | • expr LOGIC_OR expr
   44     | • LOGIC_NOT expr

    INT_NUMBER       desplazar e ir al estado 23
    FLOAT_NUMBER     desplazar e ir al estado 24
    IDENTIFICADOR    desplazar e ir al estado 25
    STRING_COMILLAS  desplazar e ir al estado 26
    BOOL_VALUE       desplazar e ir al estado 27
    NULL_VALUE       desplazar e ir al estado 28
    PARENTESIS_OPEN  desplazar e ir al estado 29
    LOGIC_NOT        desplazar e ir al estado 30

    expr  ir al estado 68


Estado 51

   24 expr: • expr '+' expr
   25     | • expr '-' expr
   26     | • expr '*' expr
   27     | • expr '/' expr
   28     | • expr '%' expr
   28     | expr '%' • expr
   29     | • PARENTESIS_OPEN expr PARENTESIS_CLOSE
   30     | • INT_NUMBER
   31     | • FLOAT_NUMBER
   32     | • STRING_COMILLAS
   33     | • BOOL_VALUE
   34     | • NULL_VALUE
   35     | • IDENTIFICADOR
   36     | • expr OP_MENOR_A expr
   37     | • expr OP_MAYOR_A expr
   38     | • expr OP_MENOR_IGUAL_A expr
   39     | • expr OP_MAYOR_IGUAL_A expr
   40     | • expr OP_IGUAL_IGUAL expr
   41     | • expr OP_DISTINTO_A expr
   42     | • expr LOGIC_AND expr
   43     | • expr LOGIC_OR expr
   44     | • LOGIC_NOT expr

    INT_NUMBER       desplazar e ir al estado 23
    FLOAT_NUMBER     desplazar e ir al estado 24
    IDENTIFICADOR    desplazar e ir al estado 25
    STRING_COMILLAS  desplazar e ir al estado 26
    BOOL_VALUE       desplazar e ir al estado 27
    NULL_VALUE       desplazar e ir al estado 28
    PARENTESIS_OPEN  desplazar e ir al estado 29
    LOGIC_NOT        desplazar e ir al estado 30

    expr  ir al estado 69


Estado 52

   12 asignation: IDENTIFICADOR op_expr expr S_PUNTO_COMA •

    $default  reduce usando la regla 12 (asignation)


Estado 53

   10 declaration: DATA_TYPE IDENTIFICADOR S_IGUAL IDENTIFICADOR • S_PUNTO_COMA
   35 expr: IDENTIFICADOR •  [S_PUNTO_COMA, OP_IGUAL_IGUAL, OP_DISTINTO_A, OP_MENOR_IGUAL_A, OP_MAYOR_IGUAL_A, LOGIC_OR, LOGIC_AND, OP_MENOR_A, OP_MAYOR_A, '+', '-', '*', '/', '%']

    S_PUNTO_COMA  desplazar e ir al estado 70

    S_PUNTO_COMA  [reduce usando la regla 35 (expr)]
    $default      reduce usando la regla 35 (expr)

    shift/reduce conflict on token S_PUNTO_COMA:
       35 expr: IDENTIFICADOR •
       10 declaration: DATA_TYPE IDENTIFICADOR S_IGUAL IDENTIFICADOR • S_PUNTO_COMA
      Example: DATA_TYPE IDENTIFICADOR S_IGUAL IDENTIFICADOR • S_PUNTO_COMA
      Shift derivation
        declaration
        ↳ 10: DATA_TYPE IDENTIFICADOR S_IGUAL IDENTIFICADOR • S_PUNTO_COMA
      Reduce derivation
        declaration
        ↳ 9: DATA_TYPE IDENTIFICADOR S_IGUAL expr                  S_PUNTO_COMA
                                             ↳ 35: IDENTIFICADOR •



Estado 54

   11 declaration: DATA_TYPE IDENTIFICADOR S_IGUAL PARENTESIS_OPEN • DATA_TYPE PARENTESIS_CLOSE IDENTIFICADOR S_PUNTO_COMA
   24 expr: • expr '+' expr
   25     | • expr '-' expr
   26     | • expr '*' expr
   27     | • expr '/' expr
   28     | • expr '%' expr
   29     | • PARENTESIS_OPEN expr PARENTESIS_CLOSE
   29     | PARENTESIS_OPEN • expr PARENTESIS_CLOSE
   30     | • INT_NUMBER
   31     | • FLOAT_NUMBER
   32     | • STRING_COMILLAS
   33     | • BOOL_VALUE
   34     | • NULL_VALUE
   35     | • IDENTIFICADOR
   36     | • expr OP_MENOR_A expr
   37     | • expr OP_MAYOR_A expr
   38     | • expr OP_MENOR_IGUAL_A expr
   39     | • expr OP_MAYOR_IGUAL_A expr
   40     | • expr OP_IGUAL_IGUAL expr
   41     | • expr OP_DISTINTO_A expr
   42     | • expr LOGIC_AND expr
   43     | • expr LOGIC_OR expr
   44     | • LOGIC_NOT expr

    INT_NUMBER       desplazar e ir al estado 23
    FLOAT_NUMBER     desplazar e ir al estado 24
    IDENTIFICADOR    desplazar e ir al estado 25
    STRING_COMILLAS  desplazar e ir al estado 26
    BOOL_VALUE       desplazar e ir al estado 27
    NULL_VALUE       desplazar e ir al estado 28
    DATA_TYPE        desplazar e ir al estado 71
    PARENTESIS_OPEN  desplazar e ir al estado 29
    LOGIC_NOT        desplazar e ir al estado 30

    expr  ir al estado 37


Estado 55

    9 declaration: DATA_TYPE IDENTIFICADOR S_IGUAL expr • S_PUNTO_COMA
   24 expr: expr • '+' expr
   25     | expr • '-' expr
   26     | expr • '*' expr
   27     | expr • '/' expr
   28     | expr • '%' expr
   36     | expr • OP_MENOR_A expr
   37     | expr • OP_MAYOR_A expr
   38     | expr • OP_MENOR_IGUAL_A expr
   39     | expr • OP_MAYOR_IGUAL_A expr
   40     | expr • OP_IGUAL_IGUAL expr
   41     | expr • OP_DISTINTO_A expr
   42     | expr • LOGIC_AND expr
   43     | expr • LOGIC_OR expr

    S_PUNTO_COMA      desplazar e ir al estado 72
    OP_IGUAL_IGUAL    desplazar e ir al estado 39
    OP_DISTINTO_A     desplazar e ir al estado 40
    OP_MENOR_IGUAL_A  desplazar e ir al estado 41
    OP_MAYOR_IGUAL_A  desplazar e ir al estado 42
    LOGIC_OR          desplazar e ir al estado 43
    LOGIC_AND         desplazar e ir al estado 44
    OP_MENOR_A        desplazar e ir al estado 45
    OP_MAYOR_A        desplazar e ir al estado 46
    '+'               desplazar e ir al estado 47
    '-'               desplazar e ir al estado 48
    '*'               desplazar e ir al estado 49
    '/'               desplazar e ir al estado 50
    '%'               desplazar e ir al estado 51


Estado 56

   29 expr: PARENTESIS_OPEN expr PARENTESIS_CLOSE •

    $default  reduce usando la regla 29 (expr)


Estado 57

   24 expr: expr • '+' expr
   25     | expr • '-' expr
   26     | expr • '*' expr
   27     | expr • '/' expr
   28     | expr • '%' expr
   36     | expr • OP_MENOR_A expr
   37     | expr • OP_MAYOR_A expr
   38     | expr • OP_MENOR_IGUAL_A expr
   39     | expr • OP_MAYOR_IGUAL_A expr
   40     | expr • OP_IGUAL_IGUAL expr
   40     | expr OP_IGUAL_IGUAL expr •  [$end, IDENTIFICADOR, DATA_TYPE, S_PUNTO_COMA, PARENTESIS_CLOSE, OP_IGUAL_IGUAL, OP_DISTINTO_A, LOGIC_OR, LOGIC_AND, PRINT_SENTENCE]
   41     | expr • OP_DISTINTO_A expr
   42     | expr • LOGIC_AND expr
   43     | expr • LOGIC_OR expr

    OP_MENOR_IGUAL_A  desplazar e ir al estado 41
    OP_MAYOR_IGUAL_A  desplazar e ir al estado 42
    OP_MENOR_A        desplazar e ir al estado 45
    OP_MAYOR_A        desplazar e ir al estado 46
    '+'               desplazar e ir al estado 47
    '-'               desplazar e ir al estado 48
    '*'               desplazar e ir al estado 49
    '/'               desplazar e ir al estado 50
    '%'               desplazar e ir al estado 51

    $default  reduce usando la regla 40 (expr)

    Conflict between rule 40 and token OP_IGUAL_IGUAL resolved as reduce (%left OP_IGUAL_IGUAL).
    Conflict between rule 40 and token OP_DISTINTO_A resolved as reduce (%left OP_DISTINTO_A).
    Conflict between rule 40 and token OP_MENOR_IGUAL_A resolved as shift (OP_IGUAL_IGUAL < OP_MENOR_IGUAL_A).
    Conflict between rule 40 and token OP_MAYOR_IGUAL_A resolved as shift (OP_IGUAL_IGUAL < OP_MAYOR_IGUAL_A).
    Conflict between rule 40 and token LOGIC_OR resolved as reduce (LOGIC_OR < OP_IGUAL_IGUAL).
    Conflict between rule 40 and token LOGIC_AND resolved as reduce (LOGIC_AND < OP_IGUAL_IGUAL).
    Conflict between rule 40 and token OP_MENOR_A resolved as shift (OP_IGUAL_IGUAL < OP_MENOR_A).
    Conflict between rule 40 and token OP_MAYOR_A resolved as shift (OP_IGUAL_IGUAL < OP_MAYOR_A).
    Conflict between rule 40 and token '+' resolved as shift (OP_IGUAL_IGUAL < '+').
    Conflict between rule 40 and token '-' resolved as shift (OP_IGUAL_IGUAL < '-').
    Conflict between rule 40 and token '*' resolved as shift (OP_IGUAL_IGUAL < '*').
    Conflict between rule 40 and token '/' resolved as shift (OP_IGUAL_IGUAL < '/').
    Conflict between rule 40 and token '%' resolved as shift (OP_IGUAL_IGUAL < '%').


Estado 58

   24 expr: expr • '+' expr
   25     | expr • '-' expr
   26     | expr • '*' expr
   27     | expr • '/' expr
   28     | expr • '%' expr
   36     | expr • OP_MENOR_A expr
   37     | expr • OP_MAYOR_A expr
   38     | expr • OP_MENOR_IGUAL_A expr
   39     | expr • OP_MAYOR_IGUAL_A expr
   40     | expr • OP_IGUAL_IGUAL expr
   41     | expr • OP_DISTINTO_A expr
   41     | expr OP_DISTINTO_A expr •  [$end, IDENTIFICADOR, DATA_TYPE, S_PUNTO_COMA, PARENTESIS_CLOSE, OP_IGUAL_IGUAL, OP_DISTINTO_A, LOGIC_OR, LOGIC_AND, PRINT_SENTENCE]
   42     | expr • LOGIC_AND expr
   43     | expr • LOGIC_OR expr

    OP_MENOR_IGUAL_A  desplazar e ir al estado 41
    OP_MAYOR_IGUAL_A  desplazar e ir al estado 42
    OP_MENOR_A        desplazar e ir al estado 45
    OP_MAYOR_A        desplazar e ir al estado 46
    '+'               desplazar e ir al estado 47
    '-'               desplazar e ir al estado 48
    '*'               desplazar e ir al estado 49
    '/'               desplazar e ir al estado 50
    '%'               desplazar e ir al estado 51

    $default  reduce usando la regla 41 (expr)

    Conflict between rule 41 and token OP_IGUAL_IGUAL resolved as reduce (%left OP_IGUAL_IGUAL).
    Conflict between rule 41 and token OP_DISTINTO_A resolved as reduce (%left OP_DISTINTO_A).
    Conflict between rule 41 and token OP_MENOR_IGUAL_A resolved as shift (OP_DISTINTO_A < OP_MENOR_IGUAL_A).
    Conflict between rule 41 and token OP_MAYOR_IGUAL_A resolved as shift (OP_DISTINTO_A < OP_MAYOR_IGUAL_A).
    Conflict between rule 41 and token LOGIC_OR resolved as reduce (LOGIC_OR < OP_DISTINTO_A).
    Conflict between rule 41 and token LOGIC_AND resolved as reduce (LOGIC_AND < OP_DISTINTO_A).
    Conflict between rule 41 and token OP_MENOR_A resolved as shift (OP_DISTINTO_A < OP_MENOR_A).
    Conflict between rule 41 and token OP_MAYOR_A resolved as shift (OP_DISTINTO_A < OP_MAYOR_A).
    Conflict between rule 41 and token '+' resolved as shift (OP_DISTINTO_A < '+').
    Conflict between rule 41 and token '-' resolved as shift (OP_DISTINTO_A < '-').
    Conflict between rule 41 and token '*' resolved as shift (OP_DISTINTO_A < '*').
    Conflict between rule 41 and token '/' resolved as shift (OP_DISTINTO_A < '/').
    Conflict between rule 41 and token '%' resolved as shift (OP_DISTINTO_A < '%').


Estado 59

   24 expr: expr • '+' expr
   25     | expr • '-' expr
   26     | expr • '*' expr
   27     | expr • '/' expr
   28     | expr • '%' expr
   36     | expr • OP_MENOR_A expr
   37     | expr • OP_MAYOR_A expr
   38     | expr • OP_MENOR_IGUAL_A expr
   38     | expr OP_MENOR_IGUAL_A expr •  [$end, IDENTIFICADOR, DATA_TYPE, S_PUNTO_COMA, PARENTESIS_CLOSE, OP_IGUAL_IGUAL, OP_DISTINTO_A, OP_MENOR_IGUAL_A, OP_MAYOR_IGUAL_A, LOGIC_OR, LOGIC_AND, OP_MENOR_A, OP_MAYOR_A, PRINT_SENTENCE]
   39     | expr • OP_MAYOR_IGUAL_A expr
   40     | expr • OP_IGUAL_IGUAL expr
   41     | expr • OP_DISTINTO_A expr
   42     | expr • LOGIC_AND expr
   43     | expr • LOGIC_OR expr

    '+'  desplazar e ir al estado 47
    '-'  desplazar e ir al estado 48
    '*'  desplazar e ir al estado 49
    '/'  desplazar e ir al estado 50
    '%'  desplazar e ir al estado 51

    $default  reduce usando la regla 38 (expr)

    Conflict between rule 38 and token OP_IGUAL_IGUAL resolved as reduce (OP_IGUAL_IGUAL < OP_MENOR_IGUAL_A).
    Conflict between rule 38 and token OP_DISTINTO_A resolved as reduce (OP_DISTINTO_A < OP_MENOR_IGUAL_A).
    Conflict between rule 38 and token OP_MENOR_IGUAL_A resolved as reduce (%left OP_MENOR_IGUAL_A).
    Conflict between rule 38 and token OP_MAYOR_IGUAL_A resolved as reduce (%left OP_MAYOR_IGUAL_A).
    Conflict between rule 38 and token LOGIC_OR resolved as reduce (LOGIC_OR < OP_MENOR_IGUAL_A).
    Conflict between rule 38 and token LOGIC_AND resolved as reduce (LOGIC_AND < OP_MENOR_IGUAL_A).
    Conflict between rule 38 and token OP_MENOR_A resolved as reduce (%left OP_MENOR_A).
    Conflict between rule 38 and token OP_MAYOR_A resolved as reduce (%left OP_MAYOR_A).
    Conflict between rule 38 and token '+' resolved as shift (OP_MENOR_IGUAL_A < '+').
    Conflict between rule 38 and token '-' resolved as shift (OP_MENOR_IGUAL_A < '-').
    Conflict between rule 38 and token '*' resolved as shift (OP_MENOR_IGUAL_A < '*').
    Conflict between rule 38 and token '/' resolved as shift (OP_MENOR_IGUAL_A < '/').
    Conflict between rule 38 and token '%' resolved as shift (OP_MENOR_IGUAL_A < '%').


Estado 60

   24 expr: expr • '+' expr
   25     | expr • '-' expr
   26     | expr • '*' expr
   27     | expr • '/' expr
   28     | expr • '%' expr
   36     | expr • OP_MENOR_A expr
   37     | expr • OP_MAYOR_A expr
   38     | expr • OP_MENOR_IGUAL_A expr
   39     | expr • OP_MAYOR_IGUAL_A expr
   39     | expr OP_MAYOR_IGUAL_A expr •  [$end, IDENTIFICADOR, DATA_TYPE, S_PUNTO_COMA, PARENTESIS_CLOSE, OP_IGUAL_IGUAL, OP_DISTINTO_A, OP_MENOR_IGUAL_A, OP_MAYOR_IGUAL_A, LOGIC_OR, LOGIC_AND, OP_MENOR_A, OP_MAYOR_A, PRINT_SENTENCE]
   40     | expr • OP_IGUAL_IGUAL expr
   41     | expr • OP_DISTINTO_A expr
   42     | expr • LOGIC_AND expr
   43     | expr • LOGIC_OR expr

    '+'  desplazar e ir al estado 47
    '-'  desplazar e ir al estado 48
    '*'  desplazar e ir al estado 49
    '/'  desplazar e ir al estado 50
    '%'  desplazar e ir al estado 51

    $default  reduce usando la regla 39 (expr)

    Conflict between rule 39 and token OP_IGUAL_IGUAL resolved as reduce (OP_IGUAL_IGUAL < OP_MAYOR_IGUAL_A).
    Conflict between rule 39 and token OP_DISTINTO_A resolved as reduce (OP_DISTINTO_A < OP_MAYOR_IGUAL_A).
    Conflict between rule 39 and token OP_MENOR_IGUAL_A resolved as reduce (%left OP_MENOR_IGUAL_A).
    Conflict between rule 39 and token OP_MAYOR_IGUAL_A resolved as reduce (%left OP_MAYOR_IGUAL_A).
    Conflict between rule 39 and token LOGIC_OR resolved as reduce (LOGIC_OR < OP_MAYOR_IGUAL_A).
    Conflict between rule 39 and token LOGIC_AND resolved as reduce (LOGIC_AND < OP_MAYOR_IGUAL_A).
    Conflict between rule 39 and token OP_MENOR_A resolved as reduce (%left OP_MENOR_A).
    Conflict between rule 39 and token OP_MAYOR_A resolved as reduce (%left OP_MAYOR_A).
    Conflict between rule 39 and token '+' resolved as shift (OP_MAYOR_IGUAL_A < '+').
    Conflict between rule 39 and token '-' resolved as shift (OP_MAYOR_IGUAL_A < '-').
    Conflict between rule 39 and token '*' resolved as shift (OP_MAYOR_IGUAL_A < '*').
    Conflict between rule 39 and token '/' resolved as shift (OP_MAYOR_IGUAL_A < '/').
    Conflict between rule 39 and token '%' resolved as shift (OP_MAYOR_IGUAL_A < '%').


Estado 61

   24 expr: expr • '+' expr
   25     | expr • '-' expr
   26     | expr • '*' expr
   27     | expr • '/' expr
   28     | expr • '%' expr
   36     | expr • OP_MENOR_A expr
   37     | expr • OP_MAYOR_A expr
   38     | expr • OP_MENOR_IGUAL_A expr
   39     | expr • OP_MAYOR_IGUAL_A expr
   40     | expr • OP_IGUAL_IGUAL expr
   41     | expr • OP_DISTINTO_A expr
   42     | expr • LOGIC_AND expr
   43     | expr • LOGIC_OR expr
   43     | expr LOGIC_OR expr •  [$end, IDENTIFICADOR, DATA_TYPE, S_PUNTO_COMA, PARENTESIS_CLOSE, LOGIC_OR, PRINT_SENTENCE]

    OP_IGUAL_IGUAL    desplazar e ir al estado 39
    OP_DISTINTO_A     desplazar e ir al estado 40
    OP_MENOR_IGUAL_A  desplazar e ir al estado 41
    OP_MAYOR_IGUAL_A  desplazar e ir al estado 42
    LOGIC_AND         desplazar e ir al estado 44
    OP_MENOR_A        desplazar e ir al estado 45
    OP_MAYOR_A        desplazar e ir al estado 46
    '+'               desplazar e ir al estado 47
    '-'               desplazar e ir al estado 48
    '*'               desplazar e ir al estado 49
    '/'               desplazar e ir al estado 50
    '%'               desplazar e ir al estado 51

    $default  reduce usando la regla 43 (expr)

    Conflict between rule 43 and token OP_IGUAL_IGUAL resolved as shift (LOGIC_OR < OP_IGUAL_IGUAL).
    Conflict between rule 43 and token OP_DISTINTO_A resolved as shift (LOGIC_OR < OP_DISTINTO_A).
    Conflict between rule 43 and token OP_MENOR_IGUAL_A resolved as shift (LOGIC_OR < OP_MENOR_IGUAL_A).
    Conflict between rule 43 and token OP_MAYOR_IGUAL_A resolved as shift (LOGIC_OR < OP_MAYOR_IGUAL_A).
    Conflict between rule 43 and token LOGIC_OR resolved as reduce (%left LOGIC_OR).
    Conflict between rule 43 and token LOGIC_AND resolved as shift (LOGIC_OR < LOGIC_AND).
    Conflict between rule 43 and token OP_MENOR_A resolved as shift (LOGIC_OR < OP_MENOR_A).
    Conflict between rule 43 and token OP_MAYOR_A resolved as shift (LOGIC_OR < OP_MAYOR_A).
    Conflict between rule 43 and token '+' resolved as shift (LOGIC_OR < '+').
    Conflict between rule 43 and token '-' resolved as shift (LOGIC_OR < '-').
    Conflict between rule 43 and token '*' resolved as shift (LOGIC_OR < '*').
    Conflict between rule 43 and token '/' resolved as shift (LOGIC_OR < '/').
    Conflict between rule 43 and token '%' resolved as shift (LOGIC_OR < '%').


Estado 62

   24 expr: expr • '+' expr
   25     | expr • '-' expr
   26     | expr • '*' expr
   27     | expr • '/' expr
   28     | expr • '%' expr
   36     | expr • OP_MENOR_A expr
   37     | expr • OP_MAYOR_A expr
   38     | expr • OP_MENOR_IGUAL_A expr
   39     | expr • OP_MAYOR_IGUAL_A expr
   40     | expr • OP_IGUAL_IGUAL expr
   41     | expr • OP_DISTINTO_A expr
   42     | expr • LOGIC_AND expr
   42     | expr LOGIC_AND expr •  [$end, IDENTIFICADOR, DATA_TYPE, S_PUNTO_COMA, PARENTESIS_CLOSE, LOGIC_OR, LOGIC_AND, PRINT_SENTENCE]
   43     | expr • LOGIC_OR expr

    OP_IGUAL_IGUAL    desplazar e ir al estado 39
    OP_DISTINTO_A     desplazar e ir al estado 40
    OP_MENOR_IGUAL_A  desplazar e ir al estado 41
    OP_MAYOR_IGUAL_A  desplazar e ir al estado 42
    OP_MENOR_A        desplazar e ir al estado 45
    OP_MAYOR_A        desplazar e ir al estado 46
    '+'               desplazar e ir al estado 47
    '-'               desplazar e ir al estado 48
    '*'               desplazar e ir al estado 49
    '/'               desplazar e ir al estado 50
    '%'               desplazar e ir al estado 51

    $default  reduce usando la regla 42 (expr)

    Conflict between rule 42 and token OP_IGUAL_IGUAL resolved as shift (LOGIC_AND < OP_IGUAL_IGUAL).
    Conflict between rule 42 and token OP_DISTINTO_A resolved as shift (LOGIC_AND < OP_DISTINTO_A).
    Conflict between rule 42 and token OP_MENOR_IGUAL_A resolved as shift (LOGIC_AND < OP_MENOR_IGUAL_A).
    Conflict between rule 42 and token OP_MAYOR_IGUAL_A resolved as shift (LOGIC_AND < OP_MAYOR_IGUAL_A).
    Conflict between rule 42 and token LOGIC_OR resolved as reduce (LOGIC_OR < LOGIC_AND).
    Conflict between rule 42 and token LOGIC_AND resolved as reduce (%left LOGIC_AND).
    Conflict between rule 42 and token OP_MENOR_A resolved as shift (LOGIC_AND < OP_MENOR_A).
    Conflict between rule 42 and token OP_MAYOR_A resolved as shift (LOGIC_AND < OP_MAYOR_A).
    Conflict between rule 42 and token '+' resolved as shift (LOGIC_AND < '+').
    Conflict between rule 42 and token '-' resolved as shift (LOGIC_AND < '-').
    Conflict between rule 42 and token '*' resolved as shift (LOGIC_AND < '*').
    Conflict between rule 42 and token '/' resolved as shift (LOGIC_AND < '/').
    Conflict between rule 42 and token '%' resolved as shift (LOGIC_AND < '%').


Estado 63

   24 expr: expr • '+' expr
   25     | expr • '-' expr
   26     | expr • '*' expr
   27     | expr • '/' expr
   28     | expr • '%' expr
   36     | expr • OP_MENOR_A expr
   36     | expr OP_MENOR_A expr •  [$end, IDENTIFICADOR, DATA_TYPE, S_PUNTO_COMA, PARENTESIS_CLOSE, OP_IGUAL_IGUAL, OP_DISTINTO_A, OP_MENOR_IGUAL_A, OP_MAYOR_IGUAL_A, LOGIC_OR, LOGIC_AND, OP_MENOR_A, OP_MAYOR_A, PRINT_SENTENCE]
   37     | expr • OP_MAYOR_A expr
   38     | expr • OP_MENOR_IGUAL_A expr
   39     | expr • OP_MAYOR_IGUAL_A expr
   40     | expr • OP_IGUAL_IGUAL expr
   41     | expr • OP_DISTINTO_A expr
   42     | expr • LOGIC_AND expr
   43     | expr • LOGIC_OR expr

    '+'  desplazar e ir al estado 47
    '-'  desplazar e ir al estado 48
    '*'  desplazar e ir al estado 49
    '/'  desplazar e ir al estado 50
    '%'  desplazar e ir al estado 51

    $default  reduce usando la regla 36 (expr)

    Conflict between rule 36 and token OP_IGUAL_IGUAL resolved as reduce (OP_IGUAL_IGUAL < OP_MENOR_A).
    Conflict between rule 36 and token OP_DISTINTO_A resolved as reduce (OP_DISTINTO_A < OP_MENOR_A).
    Conflict between rule 36 and token OP_MENOR_IGUAL_A resolved as reduce (%left OP_MENOR_IGUAL_A).
    Conflict between rule 36 and token OP_MAYOR_IGUAL_A resolved as reduce (%left OP_MAYOR_IGUAL_A).
    Conflict between rule 36 and token LOGIC_OR resolved as reduce (LOGIC_OR < OP_MENOR_A).
    Conflict between rule 36 and token LOGIC_AND resolved as reduce (LOGIC_AND < OP_MENOR_A).
    Conflict between rule 36 and token OP_MENOR_A resolved as reduce (%left OP_MENOR_A).
    Conflict between rule 36 and token OP_MAYOR_A resolved as reduce (%left OP_MAYOR_A).
    Conflict between rule 36 and token '+' resolved as shift (OP_MENOR_A < '+').
    Conflict between rule 36 and token '-' resolved as shift (OP_MENOR_A < '-').
    Conflict between rule 36 and token '*' resolved as shift (OP_MENOR_A < '*').
    Conflict between rule 36 and token '/' resolved as shift (OP_MENOR_A < '/').
    Conflict between rule 36 and token '%' resolved as shift (OP_MENOR_A < '%').


Estado 64

   24 expr: expr • '+' expr
   25     | expr • '-' expr
   26     | expr • '*' expr
   27     | expr • '/' expr
   28     | expr • '%' expr
   36     | expr • OP_MENOR_A expr
   37     | expr • OP_MAYOR_A expr
   37     | expr OP_MAYOR_A expr •  [$end, IDENTIFICADOR, DATA_TYPE, S_PUNTO_COMA, PARENTESIS_CLOSE, OP_IGUAL_IGUAL, OP_DISTINTO_A, OP_MENOR_IGUAL_A, OP_MAYOR_IGUAL_A, LOGIC_OR, LOGIC_AND, OP_MENOR_A, OP_MAYOR_A, PRINT_SENTENCE]
   38     | expr • OP_MENOR_IGUAL_A expr
   39     | expr • OP_MAYOR_IGUAL_A expr
   40     | expr • OP_IGUAL_IGUAL expr
   41     | expr • OP_DISTINTO_A expr
   42     | expr • LOGIC_AND expr
   43     | expr • LOGIC_OR expr

    '+'  desplazar e ir al estado 47
    '-'  desplazar e ir al estado 48
    '*'  desplazar e ir al estado 49
    '/'  desplazar e ir al estado 50
    '%'  desplazar e ir al estado 51

    $default  reduce usando la regla 37 (expr)

    Conflict between rule 37 and token OP_IGUAL_IGUAL resolved as reduce (OP_IGUAL_IGUAL < OP_MAYOR_A).
    Conflict between rule 37 and token OP_DISTINTO_A resolved as reduce (OP_DISTINTO_A < OP_MAYOR_A).
    Conflict between rule 37 and token OP_MENOR_IGUAL_A resolved as reduce (%left OP_MENOR_IGUAL_A).
    Conflict between rule 37 and token OP_MAYOR_IGUAL_A resolved as reduce (%left OP_MAYOR_IGUAL_A).
    Conflict between rule 37 and token LOGIC_OR resolved as reduce (LOGIC_OR < OP_MAYOR_A).
    Conflict between rule 37 and token LOGIC_AND resolved as reduce (LOGIC_AND < OP_MAYOR_A).
    Conflict between rule 37 and token OP_MENOR_A resolved as reduce (%left OP_MENOR_A).
    Conflict between rule 37 and token OP_MAYOR_A resolved as reduce (%left OP_MAYOR_A).
    Conflict between rule 37 and token '+' resolved as shift (OP_MAYOR_A < '+').
    Conflict between rule 37 and token '-' resolved as shift (OP_MAYOR_A < '-').
    Conflict between rule 37 and token '*' resolved as shift (OP_MAYOR_A < '*').
    Conflict between rule 37 and token '/' resolved as shift (OP_MAYOR_A < '/').
    Conflict between rule 37 and token '%' resolved as shift (OP_MAYOR_A < '%').


Estado 65

   24 expr: expr • '+' expr
   24     | expr '+' expr •  [$end, IDENTIFICADOR, DATA_TYPE, S_PUNTO_COMA, PARENTESIS_CLOSE, OP_IGUAL_IGUAL, OP_DISTINTO_A, OP_MENOR_IGUAL_A, OP_MAYOR_IGUAL_A, LOGIC_OR, LOGIC_AND, OP_MENOR_A, OP_MAYOR_A, PRINT_SENTENCE, '+', '-']
   25     | expr • '-' expr
   26     | expr • '*' expr
   27     | expr • '/' expr
   28     | expr • '%' expr
   36     | expr • OP_MENOR_A expr
   37     | expr • OP_MAYOR_A expr
   38     | expr • OP_MENOR_IGUAL_A expr
   39     | expr • OP_MAYOR_IGUAL_A expr
   40     | expr • OP_IGUAL_IGUAL expr
   41     | expr • OP_DISTINTO_A expr
   42     | expr • LOGIC_AND expr
   43     | expr • LOGIC_OR expr

    '*'  desplazar e ir al estado 49
    '/'  desplazar e ir al estado 50
    '%'  desplazar e ir al estado 51

    $default  reduce usando la regla 24 (expr)

    Conflict between rule 24 and token OP_IGUAL_IGUAL resolved as reduce (OP_IGUAL_IGUAL < '+').
    Conflict between rule 24 and token OP_DISTINTO_A resolved as reduce (OP_DISTINTO_A < '+').
    Conflict between rule 24 and token OP_MENOR_IGUAL_A resolved as reduce (OP_MENOR_IGUAL_A < '+').
    Conflict between rule 24 and token OP_MAYOR_IGUAL_A resolved as reduce (OP_MAYOR_IGUAL_A < '+').
    Conflict between rule 24 and token LOGIC_OR resolved as reduce (LOGIC_OR < '+').
    Conflict between rule 24 and token LOGIC_AND resolved as reduce (LOGIC_AND < '+').
    Conflict between rule 24 and token OP_MENOR_A resolved as reduce (OP_MENOR_A < '+').
    Conflict between rule 24 and token OP_MAYOR_A resolved as reduce (OP_MAYOR_A < '+').
    Conflict between rule 24 and token '+' resolved as reduce (%left '+').
    Conflict between rule 24 and token '-' resolved as reduce (%left '-').
    Conflict between rule 24 and token '*' resolved as shift ('+' < '*').
    Conflict between rule 24 and token '/' resolved as shift ('+' < '/').
    Conflict between rule 24 and token '%' resolved as shift ('+' < '%').


Estado 66

   24 expr: expr • '+' expr
   25     | expr • '-' expr
   25     | expr '-' expr •  [$end, IDENTIFICADOR, DATA_TYPE, S_PUNTO_COMA, PARENTESIS_CLOSE, OP_IGUAL_IGUAL, OP_DISTINTO_A, OP_MENOR_IGUAL_A, OP_MAYOR_IGUAL_A, LOGIC_OR, LOGIC_AND, OP_MENOR_A, OP_MAYOR_A, PRINT_SENTENCE, '+', '-']
   26     | expr • '*' expr
   27     | expr • '/' expr
   28     | expr • '%' expr
   36     | expr • OP_MENOR_A expr
   37     | expr • OP_MAYOR_A expr
   38     | expr • OP_MENOR_IGUAL_A expr
   39     | expr • OP_MAYOR_IGUAL_A expr
   40     | expr • OP_IGUAL_IGUAL expr
   41     | expr • OP_DISTINTO_A expr
   42     | expr • LOGIC_AND expr
   43     | expr • LOGIC_OR expr

    '*'  desplazar e ir al estado 49
    '/'  desplazar e ir al estado 50
    '%'  desplazar e ir al estado 51

    $default  reduce usando la regla 25 (expr)

    Conflict between rule 25 and token OP_IGUAL_IGUAL resolved as reduce (OP_IGUAL_IGUAL < '-').
    Conflict between rule 25 and token OP_DISTINTO_A resolved as reduce (OP_DISTINTO_A < '-').
    Conflict between rule 25 and token OP_MENOR_IGUAL_A resolved as reduce (OP_MENOR_IGUAL_A < '-').
    Conflict between rule 25 and token OP_MAYOR_IGUAL_A resolved as reduce (OP_MAYOR_IGUAL_A < '-').
    Conflict between rule 25 and token LOGIC_OR resolved as reduce (LOGIC_OR < '-').
    Conflict between rule 25 and token LOGIC_AND resolved as reduce (LOGIC_AND < '-').
    Conflict between rule 25 and token OP_MENOR_A resolved as reduce (OP_MENOR_A < '-').
    Conflict between rule 25 and token OP_MAYOR_A resolved as reduce (OP_MAYOR_A < '-').
    Conflict between rule 25 and token '+' resolved as reduce (%left '+').
    Conflict between rule 25 and token '-' resolved as reduce (%left '-').
    Conflict between rule 25 and token '*' resolved as shift ('-' < '*').
    Conflict between rule 25 and token '/' resolved as shift ('-' < '/').
    Conflict between rule 25 and token '%' resolved as shift ('-' < '%').


Estado 67

   24 expr: expr • '+' expr
   25     | expr • '-' expr
   26     | expr • '*' expr
   26     | expr '*' expr •  [$end, IDENTIFICADOR, DATA_TYPE, S_PUNTO_COMA, PARENTESIS_CLOSE, OP_IGUAL_IGUAL, OP_DISTINTO_A, OP_MENOR_IGUAL_A, OP_MAYOR_IGUAL_A, LOGIC_OR, LOGIC_AND, OP_MENOR_A, OP_MAYOR_A, PRINT_SENTENCE, '+', '-', '*', '/', '%']
   27     | expr • '/' expr
   28     | expr • '%' expr
   36     | expr • OP_MENOR_A expr
   37     | expr • OP_MAYOR_A expr
   38     | expr • OP_MENOR_IGUAL_A expr
   39     | expr • OP_MAYOR_IGUAL_A expr
   40     | expr • OP_IGUAL_IGUAL expr
   41     | expr • OP_DISTINTO_A expr
   42     | expr • LOGIC_AND expr
   43     | expr • LOGIC_OR expr

    $default  reduce usando la regla 26 (expr)

    Conflict between rule 26 and token OP_IGUAL_IGUAL resolved as reduce (OP_IGUAL_IGUAL < '*').
    Conflict between rule 26 and token OP_DISTINTO_A resolved as reduce (OP_DISTINTO_A < '*').
    Conflict between rule 26 and token OP_MENOR_IGUAL_A resolved as reduce (OP_MENOR_IGUAL_A < '*').
    Conflict between rule 26 and token OP_MAYOR_IGUAL_A resolved as reduce (OP_MAYOR_IGUAL_A < '*').
    Conflict between rule 26 and token LOGIC_OR resolved as reduce (LOGIC_OR < '*').
    Conflict between rule 26 and token LOGIC_AND resolved as reduce (LOGIC_AND < '*').
    Conflict between rule 26 and token OP_MENOR_A resolved as reduce (OP_MENOR_A < '*').
    Conflict between rule 26 and token OP_MAYOR_A resolved as reduce (OP_MAYOR_A < '*').
    Conflict between rule 26 and token '+' resolved as reduce ('+' < '*').
    Conflict between rule 26 and token '-' resolved as reduce ('-' < '*').
    Conflict between rule 26 and token '*' resolved as reduce (%left '*').
    Conflict between rule 26 and token '/' resolved as reduce (%left '/').
    Conflict between rule 26 and token '%' resolved as reduce (%left '%').


Estado 68

   24 expr: expr • '+' expr
   25     | expr • '-' expr
   26     | expr • '*' expr
   27     | expr • '/' expr
   27     | expr '/' expr •  [$end, IDENTIFICADOR, DATA_TYPE, S_PUNTO_COMA, PARENTESIS_CLOSE, OP_IGUAL_IGUAL, OP_DISTINTO_A, OP_MENOR_IGUAL_A, OP_MAYOR_IGUAL_A, LOGIC_OR, LOGIC_AND, OP_MENOR_A, OP_MAYOR_A, PRINT_SENTENCE, '+', '-', '*', '/', '%']
   28     | expr • '%' expr
   36     | expr • OP_MENOR_A expr
   37     | expr • OP_MAYOR_A expr
   38     | expr • OP_MENOR_IGUAL_A expr
   39     | expr • OP_MAYOR_IGUAL_A expr
   40     | expr • OP_IGUAL_IGUAL expr
   41     | expr • OP_DISTINTO_A expr
   42     | expr • LOGIC_AND expr
   43     | expr • LOGIC_OR expr

    $default  reduce usando la regla 27 (expr)

    Conflict between rule 27 and token OP_IGUAL_IGUAL resolved as reduce (OP_IGUAL_IGUAL < '/').
    Conflict between rule 27 and token OP_DISTINTO_A resolved as reduce (OP_DISTINTO_A < '/').
    Conflict between rule 27 and token OP_MENOR_IGUAL_A resolved as reduce (OP_MENOR_IGUAL_A < '/').
    Conflict between rule 27 and token OP_MAYOR_IGUAL_A resolved as reduce (OP_MAYOR_IGUAL_A < '/').
    Conflict between rule 27 and token LOGIC_OR resolved as reduce (LOGIC_OR < '/').
    Conflict between rule 27 and token LOGIC_AND resolved as reduce (LOGIC_AND < '/').
    Conflict between rule 27 and token OP_MENOR_A resolved as reduce (OP_MENOR_A < '/').
    Conflict between rule 27 and token OP_MAYOR_A resolved as reduce (OP_MAYOR_A < '/').
    Conflict between rule 27 and token '+' resolved as reduce ('+' < '/').
    Conflict between rule 27 and token '-' resolved as reduce ('-' < '/').
    Conflict between rule 27 and token '*' resolved as reduce (%left '*').
    Conflict between rule 27 and token '/' resolved as reduce (%left '/').
    Conflict between rule 27 and token '%' resolved as reduce (%left '%').


Estado 69

   24 expr: expr • '+' expr
   25     | expr • '-' expr
   26     | expr • '*' expr
   27     | expr • '/' expr
   28     | expr • '%' expr
   28     | expr '%' expr •  [$end, IDENTIFICADOR, DATA_TYPE, S_PUNTO_COMA, PARENTESIS_CLOSE, OP_IGUAL_IGUAL, OP_DISTINTO_A, OP_MENOR_IGUAL_A, OP_MAYOR_IGUAL_A, LOGIC_OR, LOGIC_AND, OP_MENOR_A, OP_MAYOR_A, PRINT_SENTENCE, '+', '-', '*', '/', '%']
   36     | expr • OP_MENOR_A expr
   37     | expr • OP_MAYOR_A expr
   38     | expr • OP_MENOR_IGUAL_A expr
   39     | expr • OP_MAYOR_IGUAL_A expr
   40     | expr • OP_IGUAL_IGUAL expr
   41     | expr • OP_DISTINTO_A expr
   42     | expr • LOGIC_AND expr
   43     | expr • LOGIC_OR expr

    $default  reduce usando la regla 28 (expr)

    Conflict between rule 28 and token OP_IGUAL_IGUAL resolved as reduce (OP_IGUAL_IGUAL < '%').
    Conflict between rule 28 and token OP_DISTINTO_A resolved as reduce (OP_DISTINTO_A < '%').
    Conflict between rule 28 and token OP_MENOR_IGUAL_A resolved as reduce (OP_MENOR_IGUAL_A < '%').
    Conflict between rule 28 and token OP_MAYOR_IGUAL_A resolved as reduce (OP_MAYOR_IGUAL_A < '%').
    Conflict between rule 28 and token LOGIC_OR resolved as reduce (LOGIC_OR < '%').
    Conflict between rule 28 and token LOGIC_AND resolved as reduce (LOGIC_AND < '%').
    Conflict between rule 28 and token OP_MENOR_A resolved as reduce (OP_MENOR_A < '%').
    Conflict between rule 28 and token OP_MAYOR_A resolved as reduce (OP_MAYOR_A < '%').
    Conflict between rule 28 and token '+' resolved as reduce ('+' < '%').
    Conflict between rule 28 and token '-' resolved as reduce ('-' < '%').
    Conflict between rule 28 and token '*' resolved as reduce (%left '*').
    Conflict between rule 28 and token '/' resolved as reduce (%left '/').
    Conflict between rule 28 and token '%' resolved as reduce (%left '%').


Estado 70

   10 declaration: DATA_TYPE IDENTIFICADOR S_IGUAL IDENTIFICADOR S_PUNTO_COMA •

    $default  reduce usando la regla 10 (declaration)


Estado 71

   11 declaration: DATA_TYPE IDENTIFICADOR S_IGUAL PARENTESIS_OPEN DATA_TYPE • PARENTESIS_CLOSE IDENTIFICADOR S_PUNTO_COMA

    PARENTESIS_CLOSE  desplazar e ir al estado 73


Estado 72

    9 declaration: DATA_TYPE IDENTIFICADOR S_IGUAL expr S_PUNTO_COMA •

    $default  reduce usando la regla 9 (declaration)


Estado 73

   11 declaration: DATA_TYPE IDENTIFICADOR S_IGUAL PARENTESIS_OPEN DATA_TYPE PARENTESIS_CLOSE • IDENTIFICADOR S_PUNTO_COMA

    IDENTIFICADOR  desplazar e ir al estado 74


Estado 74

   11 declaration: DATA_TYPE IDENTIFICADOR S_IGUAL PARENTESIS_OPEN DATA_TYPE PARENTESIS_CLOSE IDENTIFICADOR • S_PUNTO_COMA

    S_PUNTO_COMA  desplazar e ir al estado 75


Estado 75

   11 declaration: DATA_TYPE IDENTIFICADOR S_IGUAL PARENTESIS_OPEN DATA_TYPE PARENTESIS_CLOSE IDENTIFICADOR S_PUNTO_COMA •

    $default  reduce usando la regla 11 (declaration)
